[INFO] RetroArch 1.22.2 (Git 69a4f0e)
[INFO] === Build =======================================
[INFO] CPU Model Name: AMD Ryzen 7 7800X3D 8-Core Processor           
[INFO] Capacidades: MMX MMXEXT SSE SSE2 SSE3 SSSE3 SSE4 SSE42 AES AVX AVX2 
[INFO] Version: 1.22.2
[INFO] Git: 69a4f0e
[INFO] Built: Nov 20 2025
[INFO] =================================================
[INFO] [Input] Found input driver: "dinput".
[INFO] [Core info] Wrote to cache file: "Y:\images\RIESCADE\emulators\retroarch\info\core_info.cache".
[INFO] [Environ] SET_SUBSYSTEM_INFO.
[INFO] [Core] Loading dynamic libretro core from: "Y:\images\RIESCADE\emulators\retroarch\cores\snes9x_libretro.dll".
[INFO] [Override] Redirecionando arquivo dados da memória do jogo em "Y:\images\RIESCADE\saves\snes-msu1\ActRaiser (USA) (MSU1).srm".
[INFO] [Override] Redirecionando ponto de save para "Y:\images\RIESCADE\saves\snes-msu1\libretro.snes9x\ActRaiser (USA) (MSU1).state".
[INFO] [Environ] SET_SUBSYSTEM_INFO.
[INFO] [Environ] GET_CORE_OPTIONS_VERSION.
[INFO] [Environ] GET_LANGUAGE: "7".
[INFO] [Environ] SET_CORE_OPTIONS_V2_INTL.
[INFO] [Environ] SET_CONTROLLER_INFO.
[INFO] [Remap] Core-specific remap found at "Y:\images\RIESCADE\emulators\retroarch\config\remaps\Snes9x\Snes9x.rmp".
[INFO] [Environ] GET_LOG_INTERFACE.
[INFO] [Environ] GET_SYSTEM_DIRECTORY: "Y:\images\RIESCADE\bios".
[INFO] [Environ] GET_SAVE_DIRECTORY: "Y:\images\RIESCADE\saves\snes-msu1".
[INFO] [Environ] SET_SUPPORT_ACHIEVEMENTS: yes.
[INFO] [Environ] SET_PERFORMANCE_LEVEL: 12.
[INFO] [Content] Carregando arquivo de conteúdo: "Z:\ActRaiser (USA) (MSU1).sfc".
[INFO] [Environ] SET_INPUT_DESCRIPTORS.
[libretro INFO] "ACTRAISER-USA" (NTSC) version 1.0
ROM+RAM+BAT+MSU-1: LoROM: 8 Mbit, SRAM: 64 Kbit
ID: , CRC32: 8881fc75, Checksum OK
[INFO] [Environ] SET_PIXEL_FORMAT: RGB565.
[INFO] [State] Encontrada último compartimento de jogo salvo: #0.
[INFO] [Core] Versão da API libretro: 1, Compilado contra a API: 1
[INFO] [Core] Geometry: 256x224, Aspect: 1.333, FPS: 60.10, Sample rate: 32040.00 Hz.
[INFO] [Video] Set video size to: 1920x1080.
[INFO] [Vulkan] Vulkan dynamic library loaded.
[INFO] [Vulkan] Found GPU at index 0: "Radeon RX 580 Series".
[INFO] [Vulkan] Using GPU index 0.
[INFO] [Vulkan] Using GPU: "Radeon RX 580 Series".
[INFO] [Vulkan] Queue family 0 supports 1 sub-queues.
[INFO] [Vulkan] Got 3 swapchain images.
[INFO] [Vulkan] Using resolution 1920x1080.
[INFO] [Vulkan] Using RGB565 format.
[INFO] [Slang] Compiling shader: "Y:\images\RIESCADE\emulators\retroarch\shaders\shaders_slang\crt\shaders\crt-geom.slang".
[INFO] [Vulkan] Using render target format R8G8B8A8_UNORM for pass output #0.
[INFO] [Vulkan] Creating framebuffer 1440x1080 (max 1 level(s)).
[INFO] [Input] Found joypad driver: "sdl2".
[INFO] [Video] Found display server: "win32".
[INFO] [Audio] Set audio input rate to: 32040.00 Hz.
[INFO] [Video] Timings deviate too much. Will not adjust. (Target = 165.00 Hz, Game = 60.10 Hz)
[INFO] [Vulkan] Creating framebuffer 1440x1080 (max 1 level(s)).
[INFO] [XAudio2] Requesting 64 ms latency, using 64 ms latency.
[INFO] [Audio] Started synchronous audio driver.
[INFO] [Microphone] Initialized microphone driver.
[INFO] [Display] Found display driver: "vulkan".
[INFO] [Environ] SET_SUBSYSTEM_INFO.
[INFO] [Rewind] Inicializando o buffer de rebobinamento com tamanho: 20 MB
[INFO] [Playlist] Carregando o arquivo de favoritos: "Y:\images\RIESCADE\emulators\retroarch\playlists\builtin\content_favorites.lpl".
[INFO] [Playlist] Carregando arquivo de histórico: "Y:\images\RIESCADE\emulators\retroarch\playlists\builtin\content_history.lpl".
[INFO] [Playlist] Carregando arquivo de histórico: "Y:\images\RIESCADE\emulators\retroarch\playlists\builtin\content_image_history.lpl".
[INFO] [Playlist] Carregando arquivo de histórico: "Y:\images\RIESCADE\emulators\retroarch\playlists\builtin\content_music_history.lpl".
[INFO] [Playlist] Carregando arquivo de histórico: "Y:\images\RIESCADE\emulators\retroarch\playlists\builtin\content_video_history.lpl".
[INFO] [Playlist] Written to file: "Y:\images\RIESCADE\emulators\retroarch\playlists\builtin\content_history.lpl".
[INFO] [Environ] SET_GEOMETRY.
[INFO] [Vulkan] Creating framebuffer 1440x1080 (max 1 level(s)).
[INFO] [Config] Configuração salva em "Y:\images\RIESCADE\emulators\retroarch\retroarch.cfg".
[INFO] [SRAM] Salvando tipo de RAM #0 em "Y:\images\RIESCADE\saves\snes-msu1\ActRaiser (USA) (MSU1).srm".
[INFO] [SRAM] Salvo com sucesso em "Y:\images\RIESCADE\saves\snes-msu1\ActRaiser (USA) (MSU1).srm".
[INFO] [Runtime] Content ran for a total of: 00 hours, 00 minutes, 09 seconds.
[INFO] [Runtime] Saving runtime log file: "Y:\images\RIESCADE\emulators\retroarch\playlists\logs\Snes9x\ActRaiser (USA) (MSU1).lrtl".
[INFO] [Core] Unloading game...
[INFO] [Core] Unloading core...
[INFO] [Core] Unloading core symbols...
[INFO] [Core] Saved core options file to "Y:\images\RIESCADE\emulators\retroarch\retroarch-core-options.cfg".
[INFO] [Playlist] Written to file: "Y:\images\RIESCADE\emulators\retroarch\playlists\builtin\content_music_history.lpl".
[INFO] [Playlist] Written to file: "Y:\images\RIESCADE\emulators\retroarch\playlists\builtin\content_video_history.lpl".
[INFO] [Playlist] Written to file: "Y:\images\RIESCADE\emulators\retroarch\playlists\builtin\content_image_history.lpl".
