2026-04-04 22:08:08.999 [INFO]      --------------------------------------------------------------
2026-04-04 22:08:08.999 [INFO]      [Startup] Y:\images\RIESCADE\emulationstation\.emulationstation\scripts\start\..\..\..\emulatorLauncher.exe  -updatestores
2026-04-04 22:08:09.001 [INFO]      [Startup] Loading configuration.
2026-04-04 22:08:09.004 [INFO]      [Startup] Loading ES settings.
2026-04-04 22:08:09.012 [INFO]      [Startup] Retrobat version : 8.0.0.0-stable-win64
2026-04-04 22:08:09.013 [INFO]      [Startup] EmulatorLauncher.exe version : 03/04/2026 15:17:06
2026-04-04 22:08:09.019 [INFO]      [ImportStore] Option to scan installed store games is disabled.
2026-04-04 22:08:22.131 [INFO]      --------------------------------------------------------------
2026-04-04 22:08:22.132 [INFO]      [Startup] "Y:\images\RIESCADE\emulationstation\emulatorLauncher.exe"  -gameinfo "C:\Users\MARCOR~1\AppData\Local\Temp\emulationstation.tmp\game.xml" -p1index 0 -p1guid 030000005e0400008e02000000007200 -p1path "USB\VID_045E&PID_028E&IG_00\2&DEE0F28&0&00" -p1name "Xbox 360 Controller" -p1nbbuttons 11 -p1nbhats 1 -p1nbaxes 6  -system arcadedumps -emulator windows -core  -rom "Y:\images\RIESCADE\roms\arcadedumps\Super Street Fighter IV Arcade Edition (Version 2012).wsquashfs"
2026-04-04 22:08:22.132 [INFO]      [Startup] Loading configuration.
2026-04-04 22:08:22.136 [INFO]      [Startup] Loading ES settings.
2026-04-04 22:08:22.142 [INFO]      [Startup] Retrobat version : 8.0.0.0-stable-win64
2026-04-04 22:08:22.144 [INFO]      [Startup] EmulatorLauncher.exe version : 03/04/2026 15:17:06
2026-04-04 22:08:22.215 [INFO]      [Game] Super Street Fighter IV Arcade Edition (Version 2012)
2026-04-04 22:08:22.218 [INFO]      [Startup] Loading Controller configuration.
2026-04-04 22:08:22.415 [INFO]      [Generator] Using ExeLauncherGenerator
2026-04-04 22:08:22.467 [INFO]      [Generator] Loading features.
2026-04-04 22:08:22.798 [INFO]      [INFO] Executable name : launcher
2026-04-04 22:08:22.818 [INFO]      [PadToKey] Loaded Y:\images\RIESCADE\emulationstation\.emulationstation\es_padtokey.cfg
2026-04-04 22:08:22.823 [INFO]      [Running] Z:\game\launcher.exe 
2026-04-04 22:08:22.961 [INFO]      [PadToKey] Add joystick Xbox 360 Controller - Device:0, Player:1, Path:USB\VID_045E&PID_028E&IG_00\2&DEE0F28&0&00
2026-04-04 22:08:22.961 [INFO]      [PadToKey] Start listening
2026-04-04 22:08:24.712 [INFO]      [Generator] Process exited with code 0
2026-04-04 22:08:24.713 [INFO]      Xbox 360 Controller - Device:0, Player:1, Path:USB\VID_045E&PID_028E&IG_00\2&DEE0F28&0&00
2026-04-04 22:08:24.714 [INFO]      [PadToKey] Exit listening
2026-04-04 22:08:24.741 [INFO]      [Generator] Cleanup.
2026-04-04 22:08:24.742 [INFO]      [Generator] Directory.Delete(C:\Users\marcoriesco\AppData\Local\Temp\.uncompressed\Super Street Fighter IV Arcade Edition (Version 2012).wsquashfs, true)
2026-04-04 22:08:24.744 [INFO]      [Generator] Directory.Delete(C:\Users\marcoriesco\AppData\Local\Temp\.uncompressed, false)
2026-04-05 00:41:58.942 [INFO]      --------------------------------------------------------------
2026-04-05 00:41:58.944 [INFO]      [Startup] Y:\images\RIESCADE\emulationstation\.emulationstation\scripts\start\..\..\..\emulatorLauncher.exe  -updatestores
2026-04-05 00:41:58.945 [INFO]      [Startup] Loading configuration.
2026-04-05 00:41:58.947 [INFO]      [Startup] Loading ES settings.
2026-04-05 00:41:58.955 [INFO]      [Startup] Retrobat version : 8.0.0.0-stable-win64
2026-04-05 00:41:58.956 [INFO]      [Startup] EmulatorLauncher.exe version : 03/04/2026 15:17:06
2026-04-05 00:41:58.963 [INFO]      [ImportStore] Option to scan installed store games is disabled.
2026-04-05 00:42:10.730 [INFO]      --------------------------------------------------------------
2026-04-05 00:42:10.731 [INFO]      [Startup] "Y:\images\RIESCADE\emulationstation\emulatorLauncher.exe"  -gameinfo "C:\Users\MARCOR~1\AppData\Local\Temp\emulationstation.tmp\game.xml"  -system arcadedumps -emulator windows -core  -rom "Y:\images\RIESCADE\roms\arcadedumps\Super Street Fighter IV Arcade Edition (Version 2012).wsquashfs"
2026-04-05 00:42:10.731 [INFO]      [Startup] Loading configuration.
2026-04-05 00:42:10.734 [INFO]      [Startup] Loading ES settings.
2026-04-05 00:42:10.741 [INFO]      [Startup] Retrobat version : 8.0.0.0-stable-win64
2026-04-05 00:42:10.743 [INFO]      [Startup] EmulatorLauncher.exe version : 03/04/2026 15:17:06
2026-04-05 00:42:10.812 [INFO]      [Game] Super Street Fighter IV Arcade Edition (Version 2012)
2026-04-05 00:42:10.874 [INFO]      [Startup] Loading Controller configuration.
2026-04-05 00:42:10.884 [INFO]      [Generator] Using ExeLauncherGenerator
2026-04-05 00:42:10.945 [INFO]      [Generator] Loading features.
2026-04-05 00:42:11.289 [INFO]      [INFO] Executable name : launcher
2026-04-05 00:42:11.308 [INFO]      [PadToKey] Loaded Y:\images\RIESCADE\emulationstation\.emulationstation\es_padtokey.cfg
2026-04-05 00:42:11.311 [INFO]      [Running] Z:\game\launcher.exe 
2026-04-05 00:42:14.112 [INFO]      [Generator] Process exited with code 0
2026-04-05 00:42:14.160 [INFO]      [Generator] Cleanup.
2026-04-05 00:42:14.161 [INFO]      [Generator] Directory.Delete(C:\Users\marcoriesco\AppData\Local\Temp\.uncompressed\Super Street Fighter IV Arcade Edition (Version 2012).wsquashfs, true)
2026-04-05 00:42:14.162 [INFO]      [Generator] Directory.Delete(C:\Users\marcoriesco\AppData\Local\Temp\.uncompressed, false)
2026-04-05 00:42:32.082 [INFO]      --------------------------------------------------------------
2026-04-05 00:42:32.082 [INFO]      [Startup] "Y:\images\RIESCADE\emulationstation\emulatorLauncher.exe"  -gameinfo "C:\Users\MARCOR~1\AppData\Local\Temp\emulationstation.tmp\game.xml"  -system arcadedumps -emulator windows -core  -rom "Y:\images\RIESCADE\roms\arcadedumps\Super Street Fighter IV Arcade Edition (Version 2012).wsquashfs"
2026-04-05 00:42:32.083 [INFO]      [Startup] Loading configuration.
2026-04-05 00:42:32.086 [INFO]      [Startup] Loading ES settings.
2026-04-05 00:42:32.095 [INFO]      [Startup] Retrobat version : 8.0.0.0-stable-win64
2026-04-05 00:42:32.096 [INFO]      [Startup] EmulatorLauncher.exe version : 03/04/2026 15:17:06
2026-04-05 00:42:32.165 [INFO]      [Game] Super Street Fighter IV Arcade Edition (Version 2012)
2026-04-05 00:42:32.169 [INFO]      [Startup] Loading Controller configuration.
2026-04-05 00:42:32.179 [INFO]      [Generator] Using ExeLauncherGenerator
2026-04-05 00:42:32.231 [INFO]      [Generator] Loading features.
2026-04-05 00:42:32.537 [INFO]      [INFO] Executable name : launcher
2026-04-05 00:42:32.558 [INFO]      [PadToKey] Loaded Y:\images\RIESCADE\emulationstation\.emulationstation\es_padtokey.cfg
2026-04-05 00:42:32.562 [INFO]      [Running] Z:\game\launcher.exe 
2026-04-05 00:42:34.416 [INFO]      [Generator] Process exited with code 0
2026-04-05 00:42:34.458 [INFO]      [Generator] Cleanup.
2026-04-05 00:42:34.458 [INFO]      [Generator] Directory.Delete(C:\Users\marcoriesco\AppData\Local\Temp\.uncompressed\Super Street Fighter IV Arcade Edition (Version 2012).wsquashfs, true)
2026-04-05 00:42:34.459 [INFO]      [Generator] Directory.Delete(C:\Users\marcoriesco\AppData\Local\Temp\.uncompressed, false)
2026-04-05 00:42:38.896 [INFO]      --------------------------------------------------------------
2026-04-05 00:42:38.897 [INFO]      [Startup] "Y:\images\RIESCADE\emulationstation\emulatorLauncher.exe"  -gameinfo "C:\Users\MARCOR~1\AppData\Local\Temp\emulationstation.tmp\game.xml"  -system arcadedumps -emulator windows -core  -rom "Y:\images\RIESCADE\roms\arcadedumps\Super Street Fighter IV Arcade Edition (Version 2012)\game\jvs_loader.exe"
2026-04-05 00:42:38.897 [INFO]      [Startup] Loading configuration.
2026-04-05 00:42:38.900 [INFO]      [Startup] Loading ES settings.
2026-04-05 00:42:38.909 [INFO]      [Startup] Retrobat version : 8.0.0.0-stable-win64
2026-04-05 00:42:38.909 [INFO]      [Startup] EmulatorLauncher.exe version : 03/04/2026 15:17:06
2026-04-05 00:42:38.979 [INFO]      [Game] jvs_loader
2026-04-05 00:42:38.982 [INFO]      [Startup] Loading Controller configuration.
2026-04-05 00:42:38.992 [INFO]      [Generator] Using ExeLauncherGenerator
2026-04-05 00:42:39.041 [INFO]      [Generator] Loading features.
2026-04-05 00:42:39.119 [INFO]      [INFO] Executable name : jvs_loader
2026-04-05 00:42:39.140 [INFO]      [PadToKey] Loaded Y:\images\RIESCADE\emulationstation\.emulationstation\es_padtokey.cfg
2026-04-05 00:42:39.143 [INFO]      [Running] Y:\images\RIESCADE\roms\arcadedumps\Super Street Fighter IV Arcade Edition (Version 2012)\game\jvs_loader.exe 
2026-04-05 00:42:39.531 [INFO]      [Generator] Process exited with code 0
2026-04-05 00:42:39.565 [INFO]      [Generator] Cleanup.
2026-04-05 01:31:41.084 [INFO]      --------------------------------------------------------------
2026-04-05 01:31:41.101 [INFO]      [Startup] Y:\images\RIESCADE\emulationstation\.emulationstation\scripts\start\..\..\..\emulatorLauncher.exe  -updatestores
2026-04-05 01:31:41.102 [INFO]      [Startup] Loading configuration.
2026-04-05 01:31:41.105 [INFO]      [Startup] Loading ES settings.
2026-04-05 01:31:41.114 [INFO]      [Startup] Retrobat version : 8.0.0.0-stable-win64
2026-04-05 01:31:41.115 [INFO]      [Startup] EmulatorLauncher.exe version : 03/04/2026 15:17:06
2026-04-05 01:31:41.123 [INFO]      [ImportStore] Option to scan installed store games is disabled.
2026-04-05 01:31:59.573 [INFO]      --------------------------------------------------------------
2026-04-05 01:31:59.574 [INFO]      [Startup] "Y:\images\RIESCADE\emulationstation\emulatorLauncher.exe"  -gameinfo "C:\Users\MARCOR~1\AppData\Local\Temp\emulationstation.tmp\game.xml"  -system arcadedumps -emulator windows -core  -rom "Y:\images\RIESCADE\roms\arcadedumps\Super Street Fighter IV Arcade Edition (Version 2012).wsquashfs"
2026-04-05 01:31:59.574 [INFO]      [Startup] Loading configuration.
2026-04-05 01:31:59.577 [INFO]      [Startup] Loading ES settings.
2026-04-05 01:31:59.585 [INFO]      [Startup] Retrobat version : 8.0.0.0-stable-win64
2026-04-05 01:31:59.587 [INFO]      [Startup] EmulatorLauncher.exe version : 03/04/2026 15:17:06
2026-04-05 01:31:59.851 [INFO]      [Game] Super Street Fighter IV Arcade Edition (Version 2012)
2026-04-05 01:31:59.904 [INFO]      [Startup] Loading Controller configuration.
2026-04-05 01:31:59.928 [INFO]      [Generator] Using ExeLauncherGenerator
2026-04-05 01:31:59.991 [INFO]      [Generator] Loading features.
2026-04-05 01:32:00.597 [INFO]      [INFO] Executable name : launcher
2026-04-05 01:32:00.656 [INFO]      [PadToKey] Loaded Y:\images\RIESCADE\emulationstation\.emulationstation\es_padtokey.cfg
2026-04-05 01:32:00.661 [INFO]      [Running] Z:\game\launcher.exe 
2026-04-05 01:32:02.573 [INFO]      [Generator] Process exited with code 0
2026-04-05 01:32:02.622 [INFO]      [Generator] Cleanup.
2026-04-05 01:32:02.624 [INFO]      [Generator] Directory.Delete(C:\Users\marcoriesco\AppData\Local\Temp\.uncompressed\Super Street Fighter IV Arcade Edition (Version 2012).wsquashfs, true)
2026-04-05 01:32:02.627 [INFO]      [Generator] Directory.Delete(C:\Users\marcoriesco\AppData\Local\Temp\.uncompressed, false)
2026-04-05 01:32:11.750 [INFO]      --------------------------------------------------------------
2026-04-05 01:32:11.751 [INFO]      [Startup] "Y:\images\RIESCADE\emulationstation\emulatorLauncher.exe"  -gameinfo "C:\Users\MARCOR~1\AppData\Local\Temp\emulationstation.tmp\game.xml"  -system arcadedumps -emulator windows -core  -rom "Y:\images\RIESCADE\roms\arcadedumps\Super Street Fighter IV Arcade Edition (Version 2012).wsquashfs"
2026-04-05 01:32:11.751 [INFO]      [Startup] Loading configuration.
2026-04-05 01:32:11.754 [INFO]      [Startup] Loading ES settings.
2026-04-05 01:32:11.763 [INFO]      [Startup] Retrobat version : 8.0.0.0-stable-win64
2026-04-05 01:32:11.764 [INFO]      [Startup] EmulatorLauncher.exe version : 03/04/2026 15:17:06
2026-04-05 01:32:11.833 [INFO]      [Game] Super Street Fighter IV Arcade Edition (Version 2012)
2026-04-05 01:32:11.836 [INFO]      [Startup] Loading Controller configuration.
2026-04-05 01:32:11.847 [INFO]      [Generator] Using ExeLauncherGenerator
2026-04-05 01:32:11.906 [INFO]      [Generator] Loading features.
2026-04-05 01:32:12.224 [INFO]      [INFO] Executable name : launcher
2026-04-05 01:32:12.246 [INFO]      [PadToKey] Loaded Y:\images\RIESCADE\emulationstation\.emulationstation\es_padtokey.cfg
2026-04-05 01:32:12.250 [INFO]      [Running] Z:\game\launcher.exe 
2026-04-05 01:32:14.042 [INFO]      [Generator] Process exited with code 0
2026-04-05 01:32:14.056 [INFO]      [Generator] Cleanup.
2026-04-05 01:32:14.056 [INFO]      [Generator] Directory.Delete(C:\Users\marcoriesco\AppData\Local\Temp\.uncompressed\Super Street Fighter IV Arcade Edition (Version 2012).wsquashfs, true)
2026-04-05 01:32:14.058 [INFO]      [Generator] Directory.Delete(C:\Users\marcoriesco\AppData\Local\Temp\.uncompressed, false)
2026-04-05 01:34:12.795 [INFO]      --------------------------------------------------------------
2026-04-05 01:34:12.795 [INFO]      [Startup] "Y:\images\RIESCADE\emulationstation\emulatorLauncher.exe"  -gameinfo "C:\Users\MARCOR~1\AppData\Local\Temp\emulationstation.tmp\game.xml"  -system Windows -emulator windows -core  -rom "Y:\images\RIESCADE\roms\windows\Ultimate Marvel vs. Capcom 3.wsquashfs"
2026-04-05 01:34:12.797 [INFO]      [Startup] Loading configuration.
2026-04-05 01:34:12.800 [INFO]      [Startup] Loading ES settings.
2026-04-05 01:34:12.808 [INFO]      [Startup] Retrobat version : 8.0.0.0-stable-win64
2026-04-05 01:34:12.809 [INFO]      [Startup] EmulatorLauncher.exe version : 03/04/2026 15:17:06
2026-04-05 01:34:12.879 [INFO]      [Game] Ultimate Marvel vs. Capcom 3
2026-04-05 01:34:12.883 [INFO]      [Startup] Loading Controller configuration.
2026-04-05 01:34:12.894 [INFO]      [Generator] Using ExeLauncherGenerator
2026-04-05 01:34:12.959 [INFO]      [Generator] Loading features.
2026-04-05 01:34:13.490 [INFO]      [INFO] Executable name : umvc3
2026-04-05 01:34:13.512 [INFO]      [PadToKey] Loaded Y:\images\RIESCADE\emulationstation\.emulationstation\es_padtokey.cfg
2026-04-05 01:34:13.516 [INFO]      [Running] Z:\umvc3.exe 
2026-04-05 01:34:13.581 [INFO]      [INFO] Starting process, waiting 30 seconds for the game to run before returning to Game List
2026-04-05 01:34:13.654 [INFO]      Process started : umvc3
2026-04-05 01:34:17.672 [INFO]      Process : umvc3 found, waiting to exit
2026-04-05 01:35:12.321 [INFO]      [Generator] Cleanup.
2026-04-05 01:35:12.322 [INFO]      [Generator] Directory.Delete(C:\Users\marcoriesco\AppData\Local\Temp\.uncompressed\Ultimate Marvel vs. Capcom 3.wsquashfs, true)
2026-04-05 01:35:12.325 [INFO]      [Generator] Directory.Delete(C:\Users\marcoriesco\AppData\Local\Temp\.uncompressed, false)
2026-04-05 01:35:39.258 [INFO]      --------------------------------------------------------------
2026-04-05 01:35:39.258 [INFO]      [Startup] "Y:\images\RIESCADE\emulationstation\emulatorLauncher.exe"  -gameinfo "C:\Users\MARCOR~1\AppData\Local\Temp\emulationstation.tmp\game.xml"  -system Windows -emulator windows -core  -rom "Y:\images\RIESCADE\roms\windows\Blur.wsquashfs"
2026-04-05 01:35:39.258 [INFO]      [Startup] Loading configuration.
2026-04-05 01:35:39.262 [INFO]      [Startup] Loading ES settings.
2026-04-05 01:35:39.271 [INFO]      [Startup] Retrobat version : 8.0.0.0-stable-win64
2026-04-05 01:35:39.271 [INFO]      [Startup] EmulatorLauncher.exe version : 03/04/2026 15:17:06
2026-04-05 01:35:39.341 [INFO]      [Game] Blur
2026-04-05 01:35:39.344 [INFO]      [Startup] Loading Controller configuration.
2026-04-05 01:35:39.355 [INFO]      [Generator] Using ExeLauncherGenerator
2026-04-05 01:35:39.404 [INFO]      [Generator] Loading features.
2026-04-05 01:35:39.656 [INFO]      [INFO] Executable name : Blur
2026-04-05 01:35:39.678 [INFO]      [PadToKey] Loaded Y:\images\RIESCADE\emulationstation\.emulationstation\es_padtokey.cfg
2026-04-05 01:35:39.682 [INFO]      [Running] Z:\Blur.exe 
2026-04-05 01:35:39.734 [INFO]      [INFO] Starting process, waiting 30 seconds for the game to run before returning to Game List
2026-04-05 01:35:40.762 [INFO]      Process started : Blur
2026-04-05 01:35:44.771 [INFO]      Process : Blur found, waiting to exit
2026-04-05 01:35:59.009 [INFO]      [Generator] Cleanup.
2026-04-05 01:35:59.009 [INFO]      [Generator] Directory.Delete(C:\Users\marcoriesco\AppData\Local\Temp\.uncompressed\Blur.wsquashfs, true)
2026-04-05 01:35:59.086 [INFO]      [Generator] Directory.Delete(C:\Users\marcoriesco\AppData\Local\Temp\.uncompressed, false)
2026-04-05 01:36:15.807 [INFO]      --------------------------------------------------------------
2026-04-05 01:36:15.808 [INFO]      [Startup] "Y:\images\RIESCADE\emulationstation\emulatorLauncher.exe"  -gameinfo "C:\Users\MARCOR~1\AppData\Local\Temp\emulationstation.tmp\game.xml"  -system Windows -emulator windows -core  -rom "Y:\images\RIESCADE\roms\windows\Blur.wsquashfs"
2026-04-05 01:36:15.808 [INFO]      [Startup] Loading configuration.
2026-04-05 01:36:15.812 [INFO]      [Startup] Loading ES settings.
2026-04-05 01:36:15.820 [INFO]      [Startup] Retrobat version : 8.0.0.0-stable-win64
2026-04-05 01:36:15.821 [INFO]      [Startup] EmulatorLauncher.exe version : 03/04/2026 15:17:06
2026-04-05 01:36:15.892 [INFO]      [Game] Blur
2026-04-05 01:36:15.894 [INFO]      [Startup] Loading Controller configuration.
2026-04-05 01:36:15.905 [INFO]      [Generator] Using ExeLauncherGenerator
2026-04-05 01:36:15.976 [INFO]      [Generator] Loading features.
2026-04-05 01:36:16.183 [INFO]      [INFO] Executable name : Blur
2026-04-05 01:36:16.204 [INFO]      [PadToKey] Loaded Y:\images\RIESCADE\emulationstation\.emulationstation\es_padtokey.cfg
2026-04-05 01:36:16.208 [INFO]      [Running] Z:\Blur.exe 
2026-04-05 01:36:16.256 [INFO]      [INFO] Starting process, waiting 30 seconds for the game to run before returning to Game List
2026-04-05 01:36:17.053 [INFO]      Process started : Blur
2026-04-05 01:36:21.059 [INFO]      Process : Blur found, waiting to exit
2026-04-05 01:36:32.257 [INFO]      [Generator] Cleanup.
2026-04-05 01:36:32.257 [INFO]      [Generator] Directory.Delete(C:\Users\marcoriesco\AppData\Local\Temp\.uncompressed\Blur.wsquashfs, true)
2026-04-05 01:36:32.332 [INFO]      [Generator] Directory.Delete(C:\Users\marcoriesco\AppData\Local\Temp\.uncompressed, false)
2026-04-06 14:32:49.496 [INFO]      --------------------------------------------------------------
2026-04-06 14:32:49.514 [INFO]      [Startup] Y:\images\RIESCADE\emulationstation\.emulationstation\scripts\start\..\..\..\emulatorLauncher.exe  -updatestores
2026-04-06 14:32:49.514 [INFO]      [Startup] Loading configuration.
2026-04-06 14:32:49.517 [INFO]      [Startup] Loading ES settings.
2026-04-06 14:32:49.528 [INFO]      [Startup] Retrobat version : 8.0.0.0-stable-win64
2026-04-06 14:32:49.529 [INFO]      [Startup] EmulatorLauncher.exe version : 03/04/2026 15:17:06
2026-04-06 14:32:49.535 [INFO]      [ImportStore] Option to scan installed store games is disabled.
2026-04-06 14:33:36.928 [INFO]      --------------------------------------------------------------
2026-04-06 14:33:36.928 [INFO]      [Startup] "Y:\images\RIESCADE\emulationstation\emulatorLauncher.exe"  -gameinfo "C:\Users\MARCOR~1\AppData\Local\Temp\emulationstation.tmp\game.xml"  -system singe -emulator singe2 -core singe2 -rom "Y:\images\RIESCADE\roms\singe\Arcade_Xperience_Vol1.hypseus"
2026-04-06 14:33:36.928 [INFO]      [Startup] Loading configuration.
2026-04-06 14:33:36.931 [INFO]      [Startup] Loading ES settings.
2026-04-06 14:33:36.940 [INFO]      [Startup] Retrobat version : 8.0.0.0-stable-win64
2026-04-06 14:33:36.941 [INFO]      [Startup] EmulatorLauncher.exe version : 03/04/2026 15:17:06
2026-04-06 14:33:37.019 [INFO]      [Startup] Emulator version: 0.24.03.27
2026-04-06 14:33:37.071 [INFO]      [Game] Arcade Xperience Vol.1
2026-04-06 14:33:37.123 [INFO]      [Startup] Loading Controller configuration.
2026-04-06 14:33:38.437 [INFO]      [Generator] Using Singe2Generator
2026-04-06 14:33:38.498 [INFO]      [Generator] Loading features.
2026-04-06 14:33:38.640 [INFO]      [Generator] Singe2Generator: games.dat file not found in game folder
2026-04-06 14:33:38.640 [INFO]      [Generator] Using '.game' file to find script & video.
2026-04-06 14:33:38.640 [INFO]      [Generator] No '.gameinfo' file found.
2026-04-06 14:33:38.640 [INFO]      [Generator] Trying to find script & video based on folder structure.
2026-04-06 14:33:38.718 [INFO]      [PadToKey] Loaded Y:\images\RIESCADE\emulationstation\.emulationstation\es_padtokey.cfg
2026-04-06 14:33:38.723 [INFO]      [Running] Y:\images\RIESCADE\emulators\singe2\Singe-v2.10-Windows-x86_64.exe -k -w -z -v "Y:\images\RIESCADE\emulators\singe2\Arcade_Xperience_Vol1\video\arcadex1.m2v" "Y:\images\RIESCADE\emulators\singe2\Arcade_Xperience_Vol1\Arcade_Xperience_Vol1.singe"
2026-04-06 14:33:44.435 [INFO]      [Generator] Process exited with code 1
2026-04-06 14:33:44.481 [INFO]      [Generator] Cleanup.
2026-04-06 14:33:55.254 [INFO]      --------------------------------------------------------------
2026-04-06 14:33:55.254 [INFO]      [Startup] "Y:\images\RIESCADE\emulationstation\emulatorLauncher.exe"  -gameinfo "C:\Users\MARCOR~1\AppData\Local\Temp\emulationstation.tmp\game.xml"  -system singe -emulator singe2 -core singe2 -rom "Y:\images\RIESCADE\roms\singe\Arcane.hypseus"
2026-04-06 14:33:55.255 [INFO]      [Startup] Loading configuration.
2026-04-06 14:33:55.258 [INFO]      [Startup] Loading ES settings.
2026-04-06 14:33:55.266 [INFO]      [Startup] Retrobat version : 8.0.0.0-stable-win64
2026-04-06 14:33:55.267 [INFO]      [Startup] EmulatorLauncher.exe version : 03/04/2026 15:17:06
2026-04-06 14:33:55.318 [INFO]      [Startup] Emulator version: 0.24.03.27
2026-04-06 14:33:55.335 [INFO]      [Game] Arcane
2026-04-06 14:33:55.338 [INFO]      [Startup] Loading Controller configuration.
2026-04-06 14:33:55.788 [INFO]      [Generator] Using Singe2Generator
2026-04-06 14:33:55.879 [INFO]      [Generator] Loading features.
2026-04-06 14:33:55.955 [INFO]      [Generator] Singe2Generator: games.dat file not found in game folder
2026-04-06 14:33:55.955 [INFO]      [Generator] Using '.game' file to find script & video.
2026-04-06 14:33:55.956 [INFO]      [Generator] No '.gameinfo' file found.
2026-04-06 14:33:55.956 [INFO]      [Generator] Trying to find script & video based on folder structure.
2026-04-06 14:33:55.980 [INFO]      [PadToKey] Loaded Y:\images\RIESCADE\emulationstation\.emulationstation\es_padtokey.cfg
2026-04-06 14:33:55.983 [INFO]      [Running] Y:\images\RIESCADE\emulators\singe2\Singe-v2.10-Windows-x86_64.exe -k -w -z -v "Y:\images\RIESCADE\emulators\singe2\Arcane\video\Arcane.m2v" "Y:\images\RIESCADE\emulators\singe2\Arcane\Arcane.singe"
2026-04-06 14:34:06.834 [INFO]      [Generator] Process exited with code 1
2026-04-06 14:34:06.883 [INFO]      [Generator] Cleanup.
2026-04-06 14:56:37.532 [INFO]      --------------------------------------------------------------
2026-04-06 14:56:37.533 [INFO]      [Startup] Y:\images\RIESCADE\emulationstation\.emulationstation\scripts\start\..\..\..\emulatorLauncher.exe  -updatestores
2026-04-06 14:56:37.533 [INFO]      [Startup] Loading configuration.
2026-04-06 14:56:37.536 [INFO]      [Startup] Loading ES settings.
2026-04-06 14:56:37.545 [INFO]      [Startup] Retrobat version : 8.0.0.0-stable-win64
2026-04-06 14:56:37.546 [INFO]      [Startup] EmulatorLauncher.exe version : 03/04/2026 15:17:06
2026-04-06 14:56:37.553 [INFO]      [ImportStore] Option to scan installed store games is disabled.
2026-04-06 16:43:49.839 [INFO]      --------------------------------------------------------------
2026-04-06 16:43:49.841 [INFO]      [Startup] Y:\images\RIESCADE\emulationstation\.emulationstation\scripts\start\..\..\..\emulatorLauncher.exe  -updatestores
2026-04-06 16:43:49.841 [INFO]      [Startup] Loading configuration.
2026-04-06 16:43:49.844 [INFO]      [Startup] Loading ES settings.
2026-04-06 16:43:49.855 [INFO]      [Startup] Retrobat version : 8.0.0.0-stable-win64
2026-04-06 16:43:49.856 [INFO]      [Startup] EmulatorLauncher.exe version : 03/04/2026 15:17:06
2026-04-06 16:43:49.862 [INFO]      [ImportStore] Option to scan installed store games is disabled.
2026-04-06 16:45:41.460 [INFO]      --------------------------------------------------------------
2026-04-06 16:45:41.461 [INFO]      [Startup] Y:\images\RIESCADE\emulationstation\.emulationstation\scripts\update-gamelists\..\..\..\emulatorLauncher.exe  -updatestores
2026-04-06 16:45:41.461 [INFO]      [Startup] Loading configuration.
2026-04-06 16:45:41.464 [INFO]      [Startup] Loading ES settings.
2026-04-06 16:45:41.471 [INFO]      [Startup] Retrobat version : 8.0.0.0-stable-win64
2026-04-06 16:45:41.472 [INFO]      [Startup] EmulatorLauncher.exe version : 03/04/2026 15:17:06
2026-04-06 16:45:41.478 [INFO]      [ImportStore] Option to scan installed store games is disabled.
